<?xml version="1.0" encoding="UTF-8"?>
<robot generator="Robot 7.3.2 (Python 3.11.13 on linux)" generated="2025-10-30T02:53:06.787060" rpa="false" schemaversion="5">
<suite id="s1" name="Repo1" source="/home/runner/work/repo1/repo1">
<suite id="s1-s1" name="Playwright2" source="/home/runner/work/repo1/repo1/playwright2">
<suite id="s1-s1-s1" name="Tests" source="/home/runner/work/repo1/repo1/playwright2/tests">
<kw name="Open Default Page" owner="keywords" type="SETUP">
<kw name="Convert To Boolean" owner="BuiltIn">
<msg time="2025-10-30T02:53:06.985723" level="INFO">${headless_bool} = True</msg>
<var>${headless_bool}</var>
<arg>${HEADLESS}</arg>
<doc>Converts the given item to Boolean true or false.</doc>
<status status="PASS" start="2025-10-30T02:53:06.985479" elapsed="0.000285"/>
</kw>
<kw name="New Browser" owner="Browser">
<msg time="2025-10-30T02:53:06.986526" level="INFO">{"browser": "chromium", "headless": true, "chromiumSandbox": false, "devtools": false, "handleSIGHUP": true, "handleSIGINT": true, "handleSIGTERM": true, "slowMo": 0.0, "timeout": 30000.0, "tracesDir": "/home/runner/work/repo1/repo1/tmp/browser/traces/temp/e564e322-a6a3-4a46-a017-c59e31cdf81f"}</msg>
<msg time="2025-10-30T02:53:06.990454" level="INFO">Starting Browser process /opt/hostedtoolcache/Python/3.11.13/x64/lib/python3.11/site-packages/Browser/wrapper/index.js using at 127.0.0.1:48577</msg>
<msg time="2025-10-30T02:53:07.473724" level="INFO">Successfully created browser with options: {"browser":"chromium","headless":true,"chromiumSandbox":false,"devtools":false,"handleSIGHUP":true,"handleSIGINT":true,"handleSIGTERM":true,"slowMo":0,"timeout":30000,"tracesDir":"/home/runner/work/repo1/repo1/tmp/browser/traces/temp/e564e322-a6a3-4a46-a017-c59e31cdf81f"}</msg>
<arg>chromium</arg>
<arg>headless=${headless_bool}</arg>
<tag>BrowserControl</tag>
<tag>Setter</tag>
<doc>Create a new playwright Browser with specified options.</doc>
<status status="PASS" start="2025-10-30T02:53:06.985908" elapsed="0.488096"/>
</kw>
<kw name="New Context" owner="Browser">
<msg time="2025-10-30T02:53:07.476927" level="INFO">{
  "acceptDownloads": true,
  "bypassCSP": false,
  "forcedColors": "none",
  "ignoreHTTPSErrors": false,
  "javaScriptEnabled": true,
  "offline": false,
  "reducedMotion": "no-preference",
  "serviceWorkers": "allow",
  "viewport": {
    "width": 1880,
    "height": 940
  }
}</msg>
<msg time="2025-10-30T02:53:07.488785" level="INFO">Successfully created context. </msg>
<msg time="2025-10-30T02:53:07.488854" level="INFO">{'acceptDownloads': True, 'bypassCSP': False, 'forcedColors': 'none', 'ignoreHTTPSErrors': False, 'javaScriptEnabled': True, 'offline': False, 'reducedMotion': 'no-preference', 'serviceWorkers': 'allow', 'viewport': {'width': 1880, 'height': 940}}</msg>
<arg>viewport={'width': 1880, 'height': 940}</arg>
<tag>BrowserControl</tag>
<tag>Setter</tag>
<doc>Create a new BrowserContext with specified options.</doc>
<status status="PASS" start="2025-10-30T02:53:07.474396" elapsed="0.014556"/>
</kw>
<kw name="Set Browser Timeout" owner="Browser">
<arg>30000</arg>
<tag>Config</tag>
<tag>Setter</tag>
<doc>Sets the timeout used by most input and getter keywords.</doc>
<status status="PASS" start="2025-10-30T02:53:07.489197" elapsed="0.002678"/>
</kw>
<kw name="New Page" owner="Browser">
<msg time="2025-10-30T02:54:20.238634" level="INFO">Successfully initialized new page object and opened url: https://fireant.vn</msg>
<arg>${BASE_URL}</arg>
<arg>wait_until=load</arg>
<tag>BrowserControl</tag>
<tag>Setter</tag>
<doc>Open a new Page.</doc>
<status status="PASS" start="2025-10-30T02:53:07.492019" elapsed="72.746930"/>
</kw>
<status status="PASS" start="2025-10-30T02:53:06.984737" elapsed="73.254426"/>
</kw>
<suite id="s1-s1-s1-s1" name="First" source="/home/runner/work/repo1/repo1/playwright2/tests/first.robot">
<test id="s1-s1-s1-s1-t1" name="Test number one" line="11">
<kw name="Log Many" owner="BuiltIn">
<msg time="2025-10-30T02:54:20.261554" level="INFO">6500      49600     6600      445700
6400      307400    6700      485200
6300      450500    6800      442800
6200      639900    6900      91100
6100      593700    7000      64700
6000      313800    7100      102900
5900      3700      7200      562600
5800      11500     —         —
5700      100       —         —
5600      7700      —         —</msg>
<arg>${PLAYWRIGHT_LOG}</arg>
<doc>Logs the given messages as separate entries using the INFO level.</doc>
<status status="PASS" start="2025-10-30T02:54:20.255392" elapsed="0.006246"/>
</kw>
<kw name="Check Title" owner="keywords">
<kw name="Get Title" owner="Browser">
<msg time="2025-10-30T02:54:20.267136" level="INFO">Title: 'FireAnt'</msg>
<msg time="2025-10-30T02:54:20.267268" level="INFO">${title} = FireAnt</msg>
<var>${title}</var>
<tag>Assertion</tag>
<tag>Getter</tag>
<tag>PageContent</tag>
<doc>Returns the title of the current page.</doc>
<status status="PASS" start="2025-10-30T02:54:20.262212" elapsed="0.005101"/>
</kw>
<kw name="Should Be Equal" owner="BuiltIn">
<arg>${title}</arg>
<arg>${TITLE2}</arg>
<doc>Fails if the given objects are unequal.</doc>
<status status="PASS" start="2025-10-30T02:54:20.267521" elapsed="0.000299"/>
</kw>
<status status="PASS" start="2025-10-30T02:54:20.261859" elapsed="0.006038"/>
</kw>
<kw name="Basic Check" owner="keywords">
<kw name="Element Exists" owner="keywords">
<kw name="Run Keyword And Return Status" owner="BuiltIn">
<kw name="Wait For Elements State" owner="Browser">
<msg time="2025-10-30T02:54:26.401110" level="INFO" html="true">&lt;/td&gt;&lt;/tr&gt;&lt;tr&gt;&lt;td colspan="3"&gt;&lt;a href="browser/screenshot/fail-screenshot-1.png" target="_blank"&gt;&lt;img src="browser/screenshot/fail-screenshot-1.png" width="800px"/&gt;&lt;/a&gt;</msg>
<msg time="2025-10-30T02:54:26.401206" level="INFO">See also file:///home/runner/work/repo1/repo1/tmp/playwright-log.txt for additional details.</msg>
<msg time="2025-10-30T02:54:26.401600" level="FAIL">TimeoutError: locator.waitFor: Timeout 6000ms exceeded.
Call log:
  - waiting for locator('//div[@id=\'dialogPortal\']/following-sibling::button')
</msg>
<arg>${locator}</arg>
<arg>attached</arg>
<arg>timeout=6s</arg>
<tag>PageContent</tag>
<tag>Wait</tag>
<doc>Waits for the element found by ``selector`` to satisfy state option.</doc>
<status status="FAIL" start="2025-10-30T02:54:20.268887" elapsed="6.142362">TimeoutError: locator.waitFor: Timeout 6000ms exceeded.
Call log:
  - waiting for locator('//div[@id=\'dialogPortal\']/following-sibling::button')
</status>
</kw>
<msg time="2025-10-30T02:54:26.411434" level="INFO">${status} = False</msg>
<var>${status}</var>
<arg>Wait For Elements State</arg>
<arg>${locator}</arg>
<arg>attached</arg>
<arg>timeout=6s</arg>
<doc>Runs the given keyword with given arguments and returns the status as a Boolean value.</doc>
<status status="PASS" start="2025-10-30T02:54:20.268727" elapsed="6.142740"/>
</kw>
<kw name="Return From Keyword" owner="BuiltIn">
<msg time="2025-10-30T02:54:26.411799" level="INFO">Returning from the enclosing user keyword.</msg>
<arg>${status}</arg>
<doc>Returns from the enclosing user keyword.</doc>
<status status="PASS" start="2025-10-30T02:54:26.411638" elapsed="0.000224"/>
</kw>
<msg time="2025-10-30T02:54:26.412008" level="INFO">${check} = False</msg>
<var>${check}</var>
<arg>${CLOSE}</arg>
<status status="PASS" start="2025-10-30T02:54:20.268464" elapsed="6.143569"/>
</kw>
<kw name="Run Keyword If" owner="BuiltIn">
<arg>${check}</arg>
<arg>Click</arg>
<arg>xpath=${CLOSE}</arg>
<doc>Runs the given keyword with the given arguments, if ``condition`` is true.</doc>
<status status="PASS" start="2025-10-30T02:54:26.412164" elapsed="0.000137"/>
</kw>
<kw name="Fill Text" owner="Browser">
<msg time="2025-10-30T02:54:26.412904" level="INFO">Fills the text 'HBC' in the given field.</msg>
<arg>xpath=//div[@data-value]//input</arg>
<arg>${code}</arg>
<tag>PageContent</tag>
<tag>Setter</tag>
<doc>Clears and fills the given ``txt`` into the text field found by ``selector``.</doc>
<status status="PASS" start="2025-10-30T02:54:26.412411" elapsed="0.031062"/>
</kw>
<kw name="Set Variable" owner="BuiltIn">
<msg time="2025-10-30T02:54:26.444224" level="INFO">${RESULT} = (//div[contains(text(),"HBC")]/ancestor::div[@role="option"])[1]</msg>
<var>${RESULT}</var>
<arg>(//div[contains(text(),"HBC")]/ancestor::div[@role="option"])[1]</arg>
<doc>Returns the given values which can then be assigned to a variables.</doc>
<status status="PASS" start="2025-10-30T02:54:26.443746" elapsed="0.000585"/>
</kw>
<kw name="Set Variable" owner="BuiltIn">
<msg time="2025-10-30T02:54:26.444764" level="INFO">${orderBook} = //button[contains(text(),'Sổ lệnh')]</msg>
<var>${orderBook}</var>
<arg>//button[contains(text(),'Sổ lệnh')]</arg>
<doc>Returns the given values which can then be assigned to a variables.</doc>
<status status="PASS" start="2025-10-30T02:54:26.444500" elapsed="0.000307"/>
</kw>
<kw name="Set Variable" owner="BuiltIn">
<msg time="2025-10-30T02:54:26.445187" level="INFO">${highestBuyPrice} = (//div[contains(@class,'flex-row')]//div[contains(@class,'justify-end')]/span)[1]</msg>
<var>${highestBuyPrice}</var>
<arg>(//div[contains(@class,'flex-row')]//div[contains(@class,'justify-end')]/span)[1]</arg>
<doc>Returns the given values which can then be assigned to a variables.</doc>
<status status="PASS" start="2025-10-30T02:54:26.444929" elapsed="0.000299"/>
</kw>
<kw name="Set Variable" owner="BuiltIn">
<msg time="2025-10-30T02:54:26.445634" level="INFO">${highestBuyVolume} = (//div[contains(@class,'flex-row')]//div[contains(@class,'flex-row')]/span)[1]</msg>
<var>${highestBuyVolume}</var>
<arg>(//div[contains(@class,'flex-row')]//div[contains(@class,'flex-row')]/span)[1]</arg>
<doc>Returns the given values which can then be assigned to a variables.</doc>
<status status="PASS" start="2025-10-30T02:54:26.445378" elapsed="0.000283"/>
</kw>
<kw name="Wait For Elements State" owner="Browser">
<msg time="2025-10-30T02:54:27.735941" level="INFO">Waited for Element with selector (//div[contains(text(),"HBC")]/ancestor::div[@role="option"])[1] at state attached</msg>
<arg>${RESULT}</arg>
<arg>attached</arg>
<arg>timeout=12s</arg>
<tag>PageContent</tag>
<tag>Wait</tag>
<doc>Waits for the element found by ``selector`` to satisfy state option.</doc>
<status status="PASS" start="2025-10-30T02:54:26.445784" elapsed="1.290390"/>
</kw>
<for flavor="IN RANGE">
<iter>
<kw name="Run Keyword And Ignore Error" owner="BuiltIn">
<kw name="Click" owner="Browser">
<msg time="2025-10-30T02:54:27.737585" level="INFO">Clicks the element 'xpath=(//div[contains(text(),"HBC")]/ancestor::div[@role="option"])[1]'.</msg>
<arg>xpath=${RESULT}</arg>
<tag>PageContent</tag>
<tag>Setter</tag>
<doc>Simulates mouse click on the element found by ``selector``.</doc>
<status status="PASS" start="2025-10-30T02:54:27.737065" elapsed="0.077526"/>
</kw>
<msg time="2025-10-30T02:54:27.814813" level="INFO">${status} = PASS</msg>
<msg time="2025-10-30T02:54:27.814870" level="INFO">${msg} = None</msg>
<var>${status}</var>
<var>${msg}</var>
<arg>Click</arg>
<arg>xpath=${RESULT}</arg>
<doc>Runs the given keyword with the given arguments and ignores possible error.</doc>
<status status="PASS" start="2025-10-30T02:54:27.736848" elapsed="0.078053"/>
</kw>
<kw name="Run Keyword If" owner="BuiltIn">
<kw name="Exit For Loop" owner="BuiltIn">
<msg time="2025-10-30T02:54:27.815735" level="INFO">Exiting for loop altogether.</msg>
<doc>Stops executing the enclosing FOR loop.</doc>
<status status="PASS" start="2025-10-30T02:54:27.815531" elapsed="0.000305"/>
</kw>
<arg>'${status}' == 'PASS'</arg>
<arg>Exit For Loop</arg>
<doc>Runs the given keyword with the given arguments, if ``condition`` is true.</doc>
<status status="PASS" start="2025-10-30T02:54:27.815141" elapsed="0.000760"/>
</kw>
<kw name="Run Keyword If" owner="BuiltIn">
<arg>'${status}' != 'PASS'</arg>
<arg>Click</arg>
<arg>xpath=//div[@data-value]</arg>
<doc>Runs the given keyword with the given arguments, if ``condition`` is true.</doc>
<status status="NOT RUN" start="2025-10-30T02:54:27.816036" elapsed="0.000103"/>
</kw>
<var name="${kw}">1</var>
<status status="PASS" start="2025-10-30T02:54:27.736668" elapsed="0.079533"/>
</iter>
<var>${kw}</var>
<value>1</value>
<value>4</value>
<status status="PASS" start="2025-10-30T02:54:27.736299" elapsed="0.079982"/>
</for>
<kw name="Wait Until Keyword Succeeds" owner="BuiltIn">
<kw name="Click" owner="Browser">
<msg time="2025-10-30T02:54:27.817343" level="INFO">Clicks the element 'xpath=//button[contains(text(),'Sổ lệnh')]'.</msg>
<arg>xpath=${orderBook}</arg>
<tag>PageContent</tag>
<tag>Setter</tag>
<doc>Simulates mouse click on the element found by ``selector``.</doc>
<status status="PASS" start="2025-10-30T02:54:27.816737" elapsed="2.378518"/>
</kw>
<arg>10 sec</arg>
<arg>2 sec</arg>
<arg>Click</arg>
<arg>xpath=${orderBook}</arg>
<doc>Runs the specified keyword and retries if it fails.</doc>
<status status="PASS" start="2025-10-30T02:54:27.816445" elapsed="2.378913"/>
</kw>
<kw name="Wait For Elements State" owner="Browser">
<msg time="2025-10-30T02:54:30.470767" level="INFO">Waited for Element with selector (//div[contains(@class,'flex-row')]//div[contains(@class,'justify-end')]/span)[1] at state attached</msg>
<arg>${highestBuyPrice}</arg>
<arg>attached</arg>
<arg>timeout=12s</arg>
<tag>PageContent</tag>
<tag>Wait</tag>
<doc>Waits for the element found by ``selector`` to satisfy state option.</doc>
<status status="PASS" start="2025-10-30T02:54:30.195527" elapsed="0.275445"/>
</kw>
<kw name="Get Text" owner="Browser">
<msg time="2025-10-30T02:54:30.504943" level="INFO">Text: '\xa0104,600'</msg>
<msg time="2025-10-30T02:54:30.505172" level="INFO">${highestBuyVolume} =  104,600</msg>
<var>${highestBuyVolume}</var>
<arg>${highestBuyVolume}</arg>
<tag>Assertion</tag>
<tag>Getter</tag>
<tag>PageContent</tag>
<doc>Returns text attribute of the element found by ``selector``.</doc>
<status status="PASS" start="2025-10-30T02:54:30.471208" elapsed="0.033995"/>
</kw>
<kw name="Get Text" owner="Browser">
<msg time="2025-10-30T02:54:30.516634" level="INFO">Text: '\xa06.50'</msg>
<msg time="2025-10-30T02:54:30.516849" level="INFO">${highestBuyPrice} =  6.50</msg>
<var>${highestBuyPrice}</var>
<arg>${highestBuyPrice}</arg>
<tag>Assertion</tag>
<tag>Getter</tag>
<tag>PageContent</tag>
<doc>Returns text attribute of the element found by ``selector``.</doc>
<status status="PASS" start="2025-10-30T02:54:30.505398" elapsed="0.011496"/>
</kw>
<kw name="Log" owner="BuiltIn">
<msg time="2025-10-30T02:54:30.517557" level="INFO"> 104,600  6.50</msg>
<arg>${highestBuyVolume} ${highestBuyPrice}</arg>
<doc>Logs the given message with the given level.</doc>
<status status="PASS" start="2025-10-30T02:54:30.517140" elapsed="0.000500"/>
</kw>
<arg>HBC</arg>
<status status="PASS" start="2025-10-30T02:54:20.268149" elapsed="10.249574"/>
</kw>
<doc>A test to try ui</doc>
<tag>done</tag>
<timeout value="1 minute"/>
<status status="PASS" start="2025-10-30T02:54:20.251382" elapsed="10.266497"/>
</test>
<test id="s1-s1-s1-s1-t2" name="Test API Number One" line="19">
<kw name="Set Variable" owner="BuiltIn">
<msg time="2025-10-30T02:54:30.533323" level="INFO">${fullURL} = https://fireant.vn/ma-chung-khoan/HBC</msg>
<var>${fullURL}</var>
<arg>${API_URL}HBC</arg>
<doc>Returns the given values which can then be assigned to a variables.</doc>
<status status="PASS" start="2025-10-30T02:54:30.532970" elapsed="0.000384"/>
</kw>
<kw name="Create Session" owner="RequestsLibrary">
<msg time="2025-10-30T02:54:30.533648" level="INFO">Creating Session using : alias=jsonplaceholder, url=https://fireant.vn/ma-chung-khoan/HBC, headers={},                     cookies={}, auth=None, timeout=None, proxies=None, verify=False,                     debug=0 </msg>
<arg>jsonplaceholder</arg>
<arg>${fullURL}</arg>
<doc>Create Session: create a HTTP session to a server</doc>
<status status="PASS" start="2025-10-30T02:54:30.533465" elapsed="0.000362"/>
</kw>
<kw name="GET" owner="RequestsLibrary">
<msg time="2025-10-30T02:54:31.872319" level="INFO">GET Request : url=https://fireant.vn/ma-chung-khoan/HBC 
 path_url=/ma-chung-khoan/HBC 
 headers={'User-Agent': 'python-requests/2.32.5', 'Accept-Encoding': 'gzip, deflate', 'Accept': '*/*', 'Connection': 'keep-alive'} 
 body=None 
 </msg>
<msg time="2025-10-30T02:54:31.872434" level="INFO">GET Response : url=https://fireant.vn/ma-chung-khoan/HBC 
 status=200, reason=OK 
 headers={'Server': 'nginx', 'Date': 'Thu, 30 Oct 2025 02:54:31 GMT', 'Content-Type': 'text/html', 'Transfer-Encoding': 'chunked', 'Cache-Control': 'private', 'Timing-Allow-Origin': '*', 'Via': 'mly inter', 'X-Mly-Id': '04dc0294bdb3c7a6f55571d74ca366f3'} 
 body=&lt;html&gt;&lt;head&gt;&lt;title&gt;Attention Required&lt;/title&gt;&lt;/head&gt;&lt;body&gt;&lt;script&gt;window.location.href="https://fireant.vn/ma-chung-khoan/HBC?jskey=qcYjnFpL2n7Uyr1lpV9KeOef%2BgYS4ocsOtCg1Ub92NMG";&lt;/script&gt;&lt;/body&gt;&lt;/html&gt;
 
 </msg>
<msg time="2025-10-30T02:54:31.872677" level="INFO">${response} = &lt;Response [200]&gt;</msg>
<var>${response}</var>
<arg>${fullURL}</arg>
<doc>Sends a GET request.</doc>
<status status="PASS" start="2025-10-30T02:54:30.533931" elapsed="1.338777"/>
</kw>
<kw name="Set Variable" owner="BuiltIn">
<msg time="2025-10-30T02:54:31.873216" level="INFO">${pattern} = "accessToken":"([^"]+)"</msg>
<var>${pattern}</var>
<arg>"accessToken\":\"([^\"]+)"</arg>
<doc>Returns the given values which can then be assigned to a variables.</doc>
<status status="PASS" start="2025-10-30T02:54:31.872910" elapsed="0.000334"/>
</kw>
<kw name="Get Regexp Matches" owner="String">
<msg time="2025-10-30T02:54:31.873999" level="INFO">${token} = []</msg>
<var>${token}</var>
<arg>${response.text}</arg>
<arg>${pattern}</arg>
<doc>Returns a list of all non-overlapping matches in the given string.</doc>
<status status="PASS" start="2025-10-30T02:54:31.873351" elapsed="0.000675"/>
</kw>
<kw name="Split String" owner="String">
<msg time="2025-10-30T02:54:31.874595" level="FAIL">Resolving variable '${token[0]}' failed: IndexError: list index out of range</msg>
<var>${parts}</var>
<arg>${token[0]}</arg>
<arg>":"</arg>
<doc>Splits the ``string`` using ``separator`` as a delimiter string.</doc>
<status status="FAIL" start="2025-10-30T02:54:31.874154" elapsed="0.000481">Resolving variable '${token[0]}' failed: IndexError: list index out of range</status>
</kw>
<kw name="Replace String" owner="String">
<var>${token}</var>
<arg>${parts[1]}</arg>
<arg>"\""</arg>
<arg>${EMPTY}</arg>
<doc>Replaces ``search_for`` in the given ``string`` with ``replace_with``.</doc>
<status status="NOT RUN" start="2025-10-30T02:54:31.874748" elapsed="0.000053"/>
</kw>
<kw name="Replace String" owner="String">
<var>${token}</var>
<arg>${token}</arg>
<arg>"</arg>
<arg>${EMPTY}</arg>
<doc>Replaces ``search_for`` in the given ``string`` with ``replace_with``.</doc>
<status status="NOT RUN" start="2025-10-30T02:54:31.874900" elapsed="0.000046"/>
</kw>
<kw name="Create Dictionary" owner="BuiltIn">
<var>${headers}</var>
<arg>Authorization=Bearer ${token}</arg>
<doc>Creates and returns a dictionary based on the given ``items``.</doc>
<status status="NOT RUN" start="2025-10-30T02:54:31.875073" elapsed="0.000050"/>
</kw>
<kw name="GET" owner="RequestsLibrary">
<var>${response}</var>
<arg>${HARD_URI}</arg>
<arg>headers=${headers}</arg>
<doc>Sends a GET request.</doc>
<status status="NOT RUN" start="2025-10-30T02:54:31.875221" elapsed="0.000052"/>
</kw>
<kw name="Log" owner="BuiltIn">
<arg>${response.text}</arg>
<doc>Logs the given message with the given level.</doc>
<status status="NOT RUN" start="2025-10-30T02:54:31.875369" elapsed="0.000051"/>
</kw>
<kw name="Should Be Equal As Strings" owner="BuiltIn">
<arg>${response.status_code}</arg>
<arg>200</arg>
<doc>Fails if objects are unequal after converting them to strings.</doc>
<status status="NOT RUN" start="2025-10-30T02:54:31.875510" elapsed="0.000045"/>
</kw>
<kw name="Should Contain" owner="BuiltIn">
<arg>'${response.text}'</arg>
<arg>HBC</arg>
<doc>Fails if ``container`` does not contain ``item`` one or more times.</doc>
<status status="NOT RUN" start="2025-10-30T02:54:31.875644" elapsed="0.000044"/>
</kw>
<kw name="Get From List" owner="Collections">
<var>${first}</var>
<arg>${response.json()}</arg>
<arg>0</arg>
<doc>Returns the value specified with an ``index`` from ``list``.</doc>
<status status="NOT RUN" start="2025-10-30T02:54:31.875775" elapsed="0.000044"/>
</kw>
<kw name="Get From Dictionary" owner="Collections">
<var>${vol}</var>
<arg>${first}</arg>
<arg>totalVolume</arg>
<doc>Returns a value from the given ``dictionary`` based on the given ``key``.</doc>
<status status="NOT RUN" start="2025-10-30T02:54:31.875908" elapsed="0.000043"/>
</kw>
<kw name="Get From Dictionary" owner="Collections">
<var>${val}</var>
<arg>${first}</arg>
<arg>totalValue</arg>
<doc>Returns a value from the given ``dictionary`` based on the given ``key``.</doc>
<status status="NOT RUN" start="2025-10-30T02:54:31.876039" elapsed="0.000061"/>
</kw>
<kw name="Get From Dictionary" owner="Collections">
<var>${direct}</var>
<arg>${first}</arg>
<arg>priceAverage</arg>
<doc>Returns a value from the given ``dictionary`` based on the given ``key``.</doc>
<status status="NOT RUN" start="2025-10-30T02:54:31.876188" elapsed="0.000043"/>
</kw>
<kw name="Evaluate" owner="BuiltIn">
<var>${result}</var>
<arg>float(${val} / ${vol})</arg>
<doc>Evaluates the given expression in Python and returns the result.</doc>
<status status="NOT RUN" start="2025-10-30T02:54:31.876320" elapsed="0.000043"/>
</kw>
<kw name="Log" owner="BuiltIn">
<arg>${val} / ${vol} =&gt; ${result}</arg>
<doc>Logs the given message with the given level.</doc>
<status status="NOT RUN" start="2025-10-30T02:54:31.876450" elapsed="0.000043"/>
</kw>
<kw name="Log To Console" owner="BuiltIn">
<arg>\n${val} / ${vol} =&gt; ${result} vs ${direct}</arg>
<doc>Logs the given message to the console.</doc>
<status status="NOT RUN" start="2025-10-30T02:54:31.876580" elapsed="0.000042"/>
</kw>
<doc>A test to try api</doc>
<tag>api</tag>
<tag>done</tag>
<timeout value="1 minute"/>
<status status="FAIL" start="2025-10-30T02:54:30.530340" elapsed="1.346434">Resolving variable '${token[0]}' failed: IndexError: list index out of range</status>
</test>
<test id="s1-s1-s1-s1-t3" name="Test API Number Two" line="44">
<kw name="Set Variable" owner="BuiltIn">
<msg time="2025-10-30T02:54:31.884241" level="INFO">${code} = hbc</msg>
<var>${code}</var>
<arg>hbc</arg>
<doc>Returns the given values which can then be assigned to a variables.</doc>
<status status="PASS" start="2025-10-30T02:54:31.884069" elapsed="0.000200"/>
</kw>
<kw name="Replace String" owner="String">
<msg time="2025-10-30T02:54:31.884620" level="INFO">${final_url} = https://iboard-query.ssi.com.vn/stock/hbc?boardId=MAIN</msg>
<var>${final_url}</var>
<arg>${URL2}</arg>
<arg>symbol</arg>
<arg>${code}</arg>
<doc>Replaces ``search_for`` in the given ``string`` with ``replace_with``.</doc>
<status status="PASS" start="2025-10-30T02:54:31.884390" elapsed="0.000256"/>
</kw>
<kw name="Log" owner="BuiltIn">
<msg time="2025-10-30T02:54:31.884905" level="INFO">🔗 Requesting: https://iboard-query.ssi.com.vn/stock/hbc?boardId=MAIN</msg>
<arg>🔗 Requesting: ${final_url}</arg>
<doc>Logs the given message with the given level.</doc>
<status status="PASS" start="2025-10-30T02:54:31.884747" elapsed="0.000202"/>
</kw>
<kw name="Create Session" owner="RequestsLibrary">
<msg time="2025-10-30T02:54:31.885334" level="INFO">Creating Session using : alias=iboard, url=https://iboard-query.ssi.com.vn, headers={'User-Agent': 'Mozilla/5.0'},                     cookies={}, auth=None, timeout=None, proxies=None, verify=True,                     debug=0 </msg>
<arg>iboard</arg>
<arg>https://iboard-query.ssi.com.vn</arg>
<arg>headers={"User-Agent": "Mozilla/5.0"}</arg>
<arg>verify=${True}</arg>
<doc>Create Session: create a HTTP session to a server</doc>
<status status="PASS" start="2025-10-30T02:54:31.885060" elapsed="0.000441"/>
</kw>
<kw name="GET On Session" owner="RequestsLibrary">
<msg time="2025-10-30T02:54:32.067700" level="INFO">GET Request : url=https://iboard-query.ssi.com.vn/stock/hbc?boardId=MAIN 
 path_url=/stock/hbc?boardId=MAIN 
 headers={'User-Agent': 'Mozilla/5.0', 'Accept-Encoding': 'gzip, deflate', 'Accept': '*/*', 'Connection': 'keep-alive'} 
 body=None 
 </msg>
<msg time="2025-10-30T02:54:32.067819" level="INFO">GET Response : url=https://iboard-query.ssi.com.vn/stock/hbc?boardId=MAIN 
 status=403, reason=Forbidden 
 headers={'Date': 'Thu, 30 Oct 2025 02:54:32 GMT', 'Content-Type': 'text/html; charset=UTF-8', 'Transfer-Encoding': 'chunked', 'Connection': 'keep-alive', 'Cache-Control': 'private, max-age=0, no-store, no-cache, must-revalidate, post-check=0, pre-check=0', 'Expires': 'Thu, 01 Jan 1970 00:00:01 GMT', 'Set-Cookie': '__cf_bm=86HFgSurfwMzBMaWR.vQchYZIRJPbiQPJ76JJOWdJeQ-1761792872-1.0.1.1-hCGypwnajhAyl3sNJxsjWfunysD0WDF2dthvD60mLD9_Drax.krO7gy2qfZy6encGnQ_7BQ588ZYddyvePcUpts8sD27pIyye0H0cdrGALk; path=/; expires=Thu, 30-Oct-25 03:24:32 GMT; domain=.ssi.com.vn; HttpOnly; Secure; SameSite=None', 'Report-To': '{"endpoints":[{"url":"https:\\/\\/a.nel.cloudflare.com\\/report\\/v4?s=IqcWAZ%2BF2io%2FrAR45RQz7FlFZtMUc%2BHii6bPBOdOIcRCyWDo8Chd4XD0cMy9kq6NiVtVWRxnuobKnlqyy3ztxFoMHQQmOqF%2BMW%2BRLiWBPSch71ODrBxt7nJxxp7HiNh%2F9RbHMhj64r8P"}],"group":"cf-nel","max_age":604800}', 'NEL': '{"success_fraction":0.01,"report_to":"cf-nel","max_age":604800}', 'Vary': 'Accept-Encoding', 'expect-ct': 'max-age=86400, enforce', 'referrer-policy': 'same-origin', 'x-content-type-options': 'nosniff', 'x-frame-options': 'SAMEORIGIN', 'x-xss-protection': '1; mode=block', 'Server': 'cloudflare', 'CF-RAY': '9967a0e9ce17498f-LAX', 'Content-Encoding': 'gzip'} 
 body=&lt;!doctype html&gt;
&lt;html lang="en"&gt;
&lt;head&gt;
&lt;meta charset="utf-8"&gt;
&lt;meta name="robots" content="noindex, nofollow"&gt;
&lt;meta name="viewport" content="width=device-width, initial-scale=1, shrink-to-fit=no"&gt;
&lt;title&gt;Blocked - SSI&lt;/title&gt;
&lt;style&gt;body{background-color:#fff;color:#000;font-family:Arial,Helvetica,sans-serif;font-size:16px;line-height:1.5;margin:0}.container{margin:50px auto;max-width:600px;padding:0 24px;text-align:center}small{font-size:14px}&lt;/style&gt;

&lt;/head&gt;
&lt;body&gt;
&lt;div class="container"&gt;
&lt;svg xmlns="http://www.w3.org/2000/svg" width="200px" height="84px" viewBox="0 0 2202.96 1993.62"&gt;
&lt;defs&gt;
&lt;style&gt;.cls-1{fill:#e22127;stroke:#fff;stroke-miterlimit:10;stroke-width:5px}.cls-2{fill:#fff}&lt;/style&gt;
&lt;/defs&gt;
&lt;title&gt;logo&lt;/title&gt;
&lt;g id="Layer_2" data-name="Layer 2"&gt;
&lt;g id="Layer_1-2" data-name="Layer 1"&gt;
&lt;path class="cls-1" d="M2200.46 1991.12H2.5V2.5h2197.96v1988.62z" /&gt;
&lt;path class="cls-2" d="M1014.29 1271.05c58 34.42 154.77 87 263.49 88.5h4.47c61.4 0 105.22-16.69 133.65-43 29.07-26.93 40.37-62.36 40.75-94.79-1.12-111.4-118.05-163.17-223.58-222.15C1125.74 940.73 1028 878.24 1028 767.55l.09-3.24c1.89-142.8 127.43-214.66 294.37-214.74h2.91c94.11.95 192.21 25.46 230.45 33.81l2.51.54v-35.55l-1.55-.38c-41.59-9.26-137.24-32.21-231-33.23l-6.63-.06c-85.62 0-164.53 16.92-224.29 55C1033.49 608.48 993.6 680.07 993 763.84v1.6c0 136 116.31 205.84 223.2 264.61 108.1 58.22 205.77 109.93 205.5 187.61l-.19 3.65c-2.29 49.46-28.39 102.89-143.13 103.43-106.55-1-207.78-60.06-261.73-92.91l-.64-.39-1.68 1.69v37.92z" /&gt;
&lt;path class="cls-2" d="M1328 601.69h.13c89.64.92 181.24 33.51 230 49.57h.15v-27.53c-51-16.86-139.23-45.26-229.83-46.33h-5.14c-62.31 0-121.11 11.21-165 40h.06c-45.09 29.19-76.7 78.2-77 141 .37 115.6 116.8 172.35 222.93 231.69 107.7 58.81 205.92 118.64 205.7 218.2v3.22c-2 100.36-77.35 176.63-231.47 176.79h-1.24c-109.12-1-219.55-50-261.26-70l-1.74-.87v29.3l.62.33c50.39 23.21 154.15 64.16 262.29 65.49h6.5c79.21 0 142.85-15.93 187.75-50.14 46.2-35.12 71.34-90.83 71.75-150.55v-.71c-.13-126.36-116.19-191-222.8-250-107.86-58.66-206-113.7-205.77-198.92v-3.44C1116 655 1207.3 601.76 1328 601.69z" /&gt;
&lt;path class="cls-2" d="M1408.84 921.17c-108.2-57.58-206.67-106.71-206-164.07l.18-3.56c1.42-63.54 47.78-88.92 120.64-89.79 84.08.76 171 39.22 231.85 63.6l.87.39 1.92-1.93V691l-1.15-.43C1497.49 666.49 1412.46 630.2 1324 629h-2.85c-39.61 0-76.48 8.29-105 28.12-29.35 20.19-48.15 53.69-48.24 96 2.85 96.15 118.75 138.61 223.79 198.51 106.68 59.14 204.91 127.5 204.87 246.91v3.17c-2.23 151.58-124.76 238.52-317 238.73h-2.94c-109.62-1.17-225.93-37.87-260.61-47l-1.8-.53v36l.62.15c40.79 11.36 152.88 44.88 261.36 46.06l8.08.05c97.85 0 182.43-20.78 244.51-63.73 63.7-43.83 102.1-122.32 102.81-209.36v-2.26c-.06-142.54-115.75-219.4-222.83-278.61zM313.68 1271.05c57.88 34.42 154.77 87 263.43 88.5h4.46c61.41 0 105.26-16.69 133.65-43 29.08-26.93 40.38-62.36 40.79-94.79-1.15-111.4-118-163.17-223.58-222.15-107.36-58.88-205.12-121.37-205-232.06v-3.24c2-142.8 127.39-214.66 294.34-214.74h3.06c94.05.95 192.18 25.46 230.36 33.81l2.51.54v-35.55l-1.55-.38c-41.56-9.26-137.25-32.21-230.92-33.23l-6.69-.06c-85.56 0-164.52 16.92-224.22 55C332.88 608.48 293 680.07 292.35 763.84v1.6c0 136 116.31 205.84 223.14 264.61 108.17 58.22 205.8 109.93 205.43 187.61l-.15 3.65c-2.27 49.46-28.31 102.89-143.13 103.43-106.5-1-207.69-60.06-261.64-92.91l-.65-.39-1.67 1.69v37.92z" /&gt;
&lt;path class="cls-2" d="M627.34 601.69h.22c89.49.92 181.24 33.51 230 49.57h.1v-27.53c-51-16.86-139.17-45.26-229.77-46.33h-5.17c-62.31 0-121.15 11.21-164.9 40-45.09 29.19-76.7 78.2-77.1 141 .46 115.6 116.89 172.35 223 231.69 107.61 58.83 205.71 118.66 205.65 218.22v3.22c-2 100.36-77.38 176.63-231.53 176.79h-1.24c-109.07-1-219.49-50-261.2-70l-1.77-.87v29.3l.59.33c50.38 23.21 154.12 64.16 262.28 65.49h6.6c79.18 0 142.75-15.93 187.72-50.14 46.14-35.12 71.34-90.83 71.74-150.55v-.71c-.12-126.36-116.18-191-222.76-250-107.87-58.64-206.07-113.68-205.8-198.9v-3.44c1.3-103.79 92.59-157.07 213.3-157.14z" /&gt;
&lt;path class="cls-2" d="M708.16 921.17C600 863.59 501.49 814.46 502.24 757.1l.06-3.56c1.48-63.54 47.87-88.92 120.7-89.79 84 .76 171 39.22 231.88 63.6l.81.39 2-1.93V691l-1.27-.43C796.88 666.49 711.78 630.2 623.38 629h-2.92c-39.57 0-76.39 8.29-104.94 28.12-29.36 20.19-48 53.69-48.28 96C470.12 849.21 586 891.67 691 951.57c106.77 59.14 205 127.5 204.9 246.91v3.17c-2.17 151.58-124.61 238.52-316.87 238.73h-3c-109.5-1.17-225.93-37.87-260.61-47l-1.74-.53v36l.5.15c40.81 11.36 153 44.88 261.48 46.06l8 .05c98 0 182.48-20.78 244.54-63.73C892 1367.57 930.29 1289.08 931 1202v-2.26c-.06-142.54-115.66-219.4-222.83-278.61zm1097.94 544.59h31.62V528.6h-31.62v937.16zm-72.71-935.21c9.39 197.36.41 901.05 0 934l1.27 1.31h34.5v-937.2h-33.79l-1.95 1.89zm177.1 0c-9.38 197.36-.28 901.05.12 934l-1.33 1.31h-34.4v-937.2h33.75l1.86 1.89z" /&gt;
&lt;/g&gt;
&lt;/g&gt;
&lt;/svg&gt;
&lt;h1&gt;Sorry, your access has been denied&lt;/h1&gt;
&lt;p&gt; You are unable to access this website. Try to disable VPN or switch to other networks (4G/5G/Wifi)&lt;/p&gt;
&lt;p&gt; Please contact us if the problem persists. &lt;/p&gt;
&lt;p&gt; &lt;small&gt;&lt;strong&gt;IP :&lt;/strong&gt; 20.171.125.211&lt;/small&gt; &lt;/p&gt;
&lt;p&gt; &lt;small&gt;&lt;strong&gt;Ray ID:&lt;/strong&gt; 9967a0e9ce17498f&lt;/small&gt; &lt;/p&gt;
&lt;/div&gt;
&lt;script defer integrity="sha512-jGCTpDpBAYDGNYR5ztKt4BQPGef1P0giN6ZGVUi835kFF88FOmmn8jBQWNgrNd8g/Yu421NdgWhwQoaOPFflDw==" data-cf-beacon='{"rayId":"7ceba5f071aec75a","version":"2023.4.0","b":1,"token":"55616b0c29c54933afb037e2684c1082","si":100}' crossorigin="anonymous"&gt;!function(){var e={343:function(e){"use strict";for(var t=[],n=0;n&lt;256;++n)t[n]=(n+256).toString(16).substr(1);e.exports=function(e,n){var r=n||0,i=t;return[i[e[r++]],i[e[r++]],i[e[r++]],i[e[r++]],"-",i[e[r++]],i[e[r++]],"-",i[e[r++]],i[e[r++]],"-",i[e[r++]],i[e[r++]],"-",i[e[r++]],i[e[r++]],i[e[r++]],i[e[r++]],i[e[r++]],i[e[r++]]].join("")}},944:function(e){"use strict";var t="undefined"!=typeof crypto&amp;&amp;crypto.getRandomValues&amp;&amp;crypto.getRandomValues.bind(crypto)||"undefined"!=typeof msCrypto&amp;&amp;"function"==typeof window.msCrypto.getRandomValues&amp;&amp;msCrypto.getRandomValues.bind(msCrypto);if(t){var n=new Uint8Array(16);e.exports=function(){return t(n),n}}else{var r=new Array(16);e.exports=function(){for(var e,t=0;t&lt;16;t++)0==(3&amp;t)&amp;&amp;(e=4294967296*Math.random()),r[t]=e&gt;&gt;&gt;((3&amp;t)&lt;&lt;3)&amp;255;return r}}},508:function(e,t,n){"use strict";var r=n(944),i=n(343);e.exports=function(e,t,n){var o=t&amp;&amp;n||0;"string"==typeof e&amp;&amp;(t="binary"===e?new Array(16):null,e=null);var a=(e=e||{}).random||(e.rng||r)();if(a[6]=15&amp;a[6]|64,a[8]=63&amp;a[8]|128,t)for(var c=0;c&lt;16;++c)t[o+c]=a[c];return t||i(a)}},168:function(e,t,n){"use strict";var r=this&amp;&amp;this.__assign||function(){return r=Object.assign||function(e){for(var t,n=1,r=arguments.length;n&lt;r;n++)for(var i in t=arguments[n])Object.prototype.hasOwnProperty.call(t,i)&amp;&amp;(e[i]=t[i]);return e},r.apply(this,arguments)};t.__esModule=!0;var i=n(699),o=n(752),a=n(104),c=n(508);!function(){function e(e){var t="";if(t=window.location.origin?window.location.origin:"".concat(window.location.protocol,"://").concat(window.location.host),e&amp;&amp;"string"==typeof e)if(0===e.indexOf("/"))t+=e;else try{var n=new URL(e);return"".concat(n.protocol,"://").concat(n.host).concat(n.pathname)}catch(e){}else{var r=window.location.pathname;r&amp;&amp;r.length&gt;0&amp;&amp;(t+=r)}return t}function t(e){return null==e?void 0:Math.round(1e3*e)/1e3}function n(e,t){for(var n in e){var r=e[n];void 0!==t&amp;&amp;("number"==typeof r||"string"==typeof r?t[n]=r:Array.isArray(r)&amp;&amp;(t[n]=JSON.parse(JSON.stringify(r))))}}!function(){var u,s,f=window.performance||window.webkitPerformance||window.msPerformance||window.mozPerformance,d="data-cf-beacon",l=document.currentScript||("function"==typeof document.querySelector?document.querySelector("script[".concat(d,"]")):void 0),v=c(),p=[],m=window.__cfBeacon?window.__cfBeacon:{};if(!m||"single"!==m.load){if(l){var g=l.getAttribute(d);if(g)try{m=r(r({},m),JSON.parse(g))}catch(e){}else{var y=l.getAttribute("src");if(y&amp;&amp;"function"==typeof URLSearchParams){var h=new URLSearchParams(y.replace(/^[^\?]+\??/,"")),T=h.get("token");T&amp;&amp;(m.token=T);var w=h.get("spa");m.spa=null===w||"true"===w}}m&amp;&amp;"multi"!==m.load&amp;&amp;(m.load="single"),window.__cfBeacon=m}if(f&amp;&amp;m&amp;&amp;m.token){var S,b=!1;document.addEventListener("visibilitychange",(function(){if("hidden"===document.visibilityState){if(L&amp;&amp;A()){var t=e();(null==S?void 0:S.url)==t&amp;&amp;(null==S?void 0:S.triggered)||P(),x(t)}!b&amp;&amp;S&amp;&amp;(b=!0,R())}else"visible"===document.visibilityState&amp;&amp;(new Date).getTime()}));var E={};"function"==typeof PerformanceObserver&amp;&amp;((0,a.onLCP)(O),(0,a.onFID)(O),(0,a.onFCP)(O),(0,a.onINP)(O),(0,a.onTTFB)(O),PerformanceObserver.supportedEntryTypes&amp;&amp;PerformanceObserver.supportedEntryTypes.includes("layout-shift")&amp;&amp;(0,a.onCLS)(O));var L=m&amp;&amp;(void 0===m.spa||!0===m.spa),C=m.send&amp;&amp;m.send.to?m.send.to:void 0===m.version?"https://cloudflareinsights.com/cdn-cgi/rum":null,P=function(r){var a=function(e,t){c.resources=e,0!=t&amp;&amp;(c.bypassTiming=!0),m&amp;&amp;(1===m.r&amp;&amp;(c.resources=[]),(0,o.sendObjectBeacon)("",c,(function(){}),!1,C),void 0!==m.forward&amp;&amp;void 0!==m.forward.url&amp;&amp;(0,o.sendObjectBeacon)("",c,(function(){}),!1,m.forward.url))},c=function(r){var o,a,c,s=f.timing,d=f.memory,l=r||e(),g={memory:{},timings:{},resources:[],tempResources:[],referrer:(a=document.referrer||"",c=p[p.length-1],L&amp;&amp;S&amp;&amp;c?c.url:a),eventType:i.EventType.Load,firstPaint:0,firstContentfulPaint:0,startTime:k(),versions:{fl:m?m.version:"",js:"2023.4.2",timings:1},pageloadId:v,location:l,wd:M(),b:m.b};if(null==u){if("function"==typeof f.getEntriesByType){var y=f.getEntriesByType("navigation");y&amp;&amp;Array.isArray(y)&amp;&amp;y.length&gt;0&amp;&amp;(g.timingsV2={},g.versions.timings=2,delete g.timings,n(y[0],g.timingsV2))}1===g.versions.timings&amp;&amp;n(s,g.timings),n(d,g.memory)}else _(g);if(g.firstPaint=F("first-paint"),g.firstContentfulPaint=F("first-contentful-paint"),m&amp;&amp;(m.icTag&amp;&amp;(g.icTag=m.icTag),g.siteToken=m.token),"function"==typeof f.getEntriesByType){var h=null!==(o=f.getEntriesByType("resource"))&amp;&amp;void 0!==o?o:[],T=0,w=0;h.forEach((function(e){var n={n:e.name,s:t(e.startTime),d:t(e.duration),i:e.initiatorType,p:e.nextHopProtoco... (set the log level to DEBUG or TRACE to see the full content) 
 </msg>
<msg time="2025-10-30T02:54:32.068137" level="FAIL">HTTPError: 403 Client Error: Forbidden for url: https://iboard-query.ssi.com.vn/stock/hbc?boardId=MAIN</msg>
<var>${response}</var>
<arg>iboard</arg>
<arg>${final_url}</arg>
<doc>Sends a GET request on a previously created HTTP Session.</doc>
<status status="FAIL" start="2025-10-30T02:54:31.885610" elapsed="0.183298">HTTPError: 403 Client Error: Forbidden for url: https://iboard-query.ssi.com.vn/stock/hbc?boardId=MAIN</status>
</kw>
<kw name="Should Be Equal As Integers" owner="BuiltIn">
<arg>${response.status_code}</arg>
<arg>200</arg>
<doc>Fails if objects are unequal after converting them to integers.</doc>
<status status="NOT RUN" start="2025-10-30T02:54:32.069140" elapsed="0.000087"/>
</kw>
<kw name="Convert To String" owner="BuiltIn">
<var>${html}</var>
<arg>${response.content}</arg>
<doc>Converts the given item to a Unicode string.</doc>
<status status="NOT RUN" start="2025-10-30T02:54:32.069331" elapsed="0.000055"/>
</kw>
<kw name="Evaluate" owner="BuiltIn">
<var>${is_html}</var>
<arg>'''${html}'''.startswith('&lt;!DOCTYPE html&gt;')</arg>
<doc>Evaluates the given expression in Python and returns the result.</doc>
<status status="NOT RUN" start="2025-10-30T02:54:32.069488" elapsed="0.000048"/>
</kw>
<kw name="Run Keyword If" owner="BuiltIn">
<arg>${is_html}</arg>
<arg>Fail</arg>
<arg>⚠️ SSI API returned HTML — likely blocked</arg>
<doc>Runs the given keyword with the given arguments, if ``condition`` is true.</doc>
<status status="NOT RUN" start="2025-10-30T02:54:32.069647" elapsed="0.000047"/>
</kw>
<kw name="Evaluate" owner="BuiltIn">
<var>${json}</var>
<arg>json.loads('''${html}''')</arg>
<arg>json</arg>
<doc>Evaluates the given expression in Python and returns the result.</doc>
<status status="NOT RUN" start="2025-10-30T02:54:32.069822" elapsed="0.000079"/>
</kw>
<kw name="Set Variable" owner="BuiltIn">
<var>${data}</var>
<arg>${json['data']}</arg>
<doc>Returns the given values which can then be assigned to a variables.</doc>
<status status="NOT RUN" start="2025-10-30T02:54:32.070069" elapsed="0.000076"/>
</kw>
<kw name="Set Variable" owner="BuiltIn">
<var>${output}</var>
<doc>Returns the given values which can then be assigned to a variables.</doc>
<status status="NOT RUN" start="2025-10-30T02:54:32.070266" elapsed="0.000050"/>
</kw>
<for flavor="IN RANGE">
<iter>
<kw name="Set Variable" owner="BuiltIn">
<var>${bid_key}</var>
<arg>best${i}Bid</arg>
<doc>Returns the given values which can then be assigned to a variables.</doc>
<status status="NOT RUN" start="2025-10-30T02:54:32.070649" elapsed="0.000051"/>
</kw>
<kw name="Set Variable" owner="BuiltIn">
<var>${bidVol_key}</var>
<arg>best${i}BidVol</arg>
<doc>Returns the given values which can then be assigned to a variables.</doc>
<status status="NOT RUN" start="2025-10-30T02:54:32.070793" elapsed="0.000045"/>
</kw>
<kw name="Set Variable" owner="BuiltIn">
<var>${offer_key}</var>
<arg>best${i}Offer</arg>
<doc>Returns the given values which can then be assigned to a variables.</doc>
<status status="NOT RUN" start="2025-10-30T02:54:32.070925" elapsed="0.000044"/>
</kw>
<kw name="Set Variable" owner="BuiltIn">
<var>${offerVol_key}</var>
<arg>best${i}OfferVol</arg>
<doc>Returns the given values which can then be assigned to a variables.</doc>
<status status="NOT RUN" start="2025-10-30T02:54:32.071079" elapsed="0.000051"/>
</kw>
<kw name="Run Keyword If" owner="BuiltIn">
<var>${bid}</var>
<arg>'${bid_key}' in ${data}</arg>
<arg>Evaluate</arg>
<arg>str(${data['${bid_key}']}).rjust(8)</arg>
<arg>ELSE</arg>
<arg>Evaluate</arg>
<arg>'—'.rjust(8)</arg>
<doc>Runs the given keyword with the given arguments, if ``condition`` is true.</doc>
<status status="NOT RUN" start="2025-10-30T02:54:32.071230" elapsed="0.000045"/>
</kw>
<kw name="Run Keyword If" owner="BuiltIn">
<var>${bidVol}</var>
<arg>'${bidVol_key}' in ${data}</arg>
<arg>Evaluate</arg>
<arg>str(${data['${bidVol_key}']}).rjust(10)</arg>
<arg>ELSE</arg>
<arg>Evaluate</arg>
<arg>'—'.rjust(10)</arg>
<doc>Runs the given keyword with the given arguments, if ``condition`` is true.</doc>
<status status="NOT RUN" start="2025-10-30T02:54:32.071381" elapsed="0.000048"/>
</kw>
<kw name="Run Keyword If" owner="BuiltIn">
<var>${offer}</var>
<arg>'${offer_key}' in ${data}</arg>
<arg>Evaluate</arg>
<arg>str(${data['${offer_key}']}).rjust(8)</arg>
<arg>ELSE</arg>
<arg>Evaluate</arg>
<arg>'—'.rjust(8)</arg>
<doc>Runs the given keyword with the given arguments, if ``condition`` is true.</doc>
<status status="NOT RUN" start="2025-10-30T02:54:32.071533" elapsed="0.000045"/>
</kw>
<kw name="Run Keyword If" owner="BuiltIn">
<var>${offerVol}</var>
<arg>'${offerVol_key}' in ${data}</arg>
<arg>Evaluate</arg>
<arg>str(${data['${offerVol_key}']}).rjust(10)</arg>
<arg>ELSE</arg>
<arg>Evaluate</arg>
<arg>'—'.rjust(10)</arg>
<doc>Runs the given keyword with the given arguments, if ``condition`` is true.</doc>
<status status="NOT RUN" start="2025-10-30T02:54:32.071677" elapsed="0.000048"/>
</kw>
<kw name="Set Variable" owner="BuiltIn">
<var>${line}</var>
<arg>${bid}${SPACE}${bidVol}${SPACE}${offer}${SPACE}${offerVol}</arg>
<doc>Returns the given values which can then be assigned to a variables.</doc>
<status status="NOT RUN" start="2025-10-30T02:54:32.071821" elapsed="0.000042"/>
</kw>
<kw name="Catenate" owner="BuiltIn">
<var>${output}</var>
<arg>SEPARATOR=\n</arg>
<arg>${output}</arg>
<arg>${line}</arg>
<doc>Catenates the given items together and returns the resulted string.</doc>
<status status="NOT RUN" start="2025-10-30T02:54:32.071947" elapsed="0.000043"/>
</kw>
<var name="${i}"/>
<status status="NOT RUN" start="2025-10-30T02:54:32.070538" elapsed="0.001492"/>
</iter>
<var>${i}</var>
<value>1</value>
<value>11</value>
<status status="NOT RUN" start="2025-10-30T02:54:32.070383" elapsed="0.001724"/>
</for>
<kw name="Log" owner="BuiltIn">
<arg>${output}</arg>
<doc>Logs the given message with the given level.</doc>
<status status="NOT RUN" start="2025-10-30T02:54:32.072218" elapsed="0.000065"/>
</kw>
<kw name="Log To Console" owner="BuiltIn">
<arg>${output}</arg>
<doc>Logs the given message to the console.</doc>
<status status="NOT RUN" start="2025-10-30T02:54:32.072380" elapsed="0.000045"/>
</kw>
<doc>Fetches and formats top 10 bid/offer levels like awk output</doc>
<tag>api</tag>
<tag>done</tag>
<status status="FAIL" start="2025-10-30T02:54:31.881746" elapsed="0.190844">HTTPError: 403 Client Error: Forbidden for url: https://iboard-query.ssi.com.vn/stock/hbc?boardId=MAIN</status>
</test>
<status status="FAIL" start="2025-10-30T02:54:20.239277" elapsed="11.838377"/>
</suite>
<kw name="Close Browser" owner="Browser" type="TEARDOWN">
<msg time="2025-10-30T02:54:32.133842" level="INFO">Closed browser</msg>
<tag>BrowserControl</tag>
<tag>Setter</tag>
<doc>Closes the current browser.</doc>
<status status="PASS" start="2025-10-30T02:54:32.080387" elapsed="0.053633"/>
</kw>
<status status="FAIL" start="2025-10-30T02:53:06.812071" elapsed="85.322054"/>
</suite>
<status status="FAIL" start="2025-10-30T02:53:06.811207" elapsed="85.326964"/>
</suite>
<status status="FAIL" start="2025-10-30T02:53:06.788934" elapsed="85.349768"/>
</suite>
<statistics>
<total>
<stat pass="1" fail="2" skip="0">All Tests</stat>
</total>
<tag>
<stat pass="0" fail="2" skip="0">api</stat>
<stat pass="1" fail="2" skip="0">done</stat>
</tag>
<suite>
<stat name="Repo1" id="s1" pass="1" fail="2" skip="0">Repo1</stat>
<stat name="Playwright2" id="s1-s1" pass="1" fail="2" skip="0">Repo1.Playwright2</stat>
<stat name="Tests" id="s1-s1-s1" pass="1" fail="2" skip="0">Repo1.Playwright2.Tests</stat>
<stat name="First" id="s1-s1-s1-s1" pass="1" fail="2" skip="0">Repo1.Playwright2.Tests.First</stat>
</suite>
</statistics>
<errors>
</errors>
</robot>
